<?xml version="1.0" encoding="UTF-8"?>
<testsuite xmlns:xsi="http://www.w3.org/2001/XMLSchema-instance" xsi:noNamespaceSchemaLocation="https://maven.apache.org/surefire/maven-surefire-plugin/xsd/surefire-test-report.xsd" name="TestSuite" time="51.017" tests="21" errors="0" skipped="14" failures="1">
  <properties>
    <property name="gopherProxySet" value="false"/>
    <property name="awt.toolkit" value="sun.lwawt.macosx.LWCToolkit"/>
    <property name="file.encoding.pkg" value="sun.io"/>
    <property name="java.specification.version" value="1.8"/>
    <property name="sun.cpu.isalist" value=""/>
    <property name="sun.jnu.encoding" value="UTF-8"/>
    <property name="java.class.path" value="/Users/saurabhsharma/Automation_Workspace/UI_Automation/uiAutomation/target/test-classes:/Users/saurabhsharma/Automation_Workspace/UI_Automation/uiAutomation/target/classes:/Users/saurabhsharma/.m2/repository/org/seleniumhq/selenium/selenium-java/3.12.0/selenium-java-3.12.0.jar:/Users/saurabhsharma/.m2/repository/org/seleniumhq/selenium/selenium-api/3.12.0/selenium-api-3.12.0.jar:/Users/saurabhsharma/.m2/repository/org/seleniumhq/selenium/selenium-chrome-driver/3.12.0/selenium-chrome-driver-3.12.0.jar:/Users/saurabhsharma/.m2/repository/org/seleniumhq/selenium/selenium-edge-driver/3.12.0/selenium-edge-driver-3.12.0.jar:/Users/saurabhsharma/.m2/repository/org/seleniumhq/selenium/selenium-firefox-driver/3.12.0/selenium-firefox-driver-3.12.0.jar:/Users/saurabhsharma/.m2/repository/org/seleniumhq/selenium/selenium-ie-driver/3.12.0/selenium-ie-driver-3.12.0.jar:/Users/saurabhsharma/.m2/repository/org/seleniumhq/selenium/selenium-opera-driver/3.12.0/selenium-opera-driver-3.12.0.jar:/Users/saurabhsharma/.m2/repository/org/seleniumhq/selenium/selenium-remote-driver/3.12.0/selenium-remote-driver-3.12.0.jar:/Users/saurabhsharma/.m2/repository/org/seleniumhq/selenium/selenium-safari-driver/3.12.0/selenium-safari-driver-3.12.0.jar:/Users/saurabhsharma/.m2/repository/org/seleniumhq/selenium/selenium-support/3.12.0/selenium-support-3.12.0.jar:/Users/saurabhsharma/.m2/repository/net/bytebuddy/byte-buddy/1.8.3/byte-buddy-1.8.3.jar:/Users/saurabhsharma/.m2/repository/org/apache/commons/commons-exec/1.3/commons-exec-1.3.jar:/Users/saurabhsharma/.m2/repository/commons-codec/commons-codec/1.10/commons-codec-1.10.jar:/Users/saurabhsharma/.m2/repository/commons-logging/commons-logging/1.2/commons-logging-1.2.jar:/Users/saurabhsharma/.m2/repository/com/google/code/gson/gson/2.8.2/gson-2.8.2.jar:/Users/saurabhsharma/.m2/repository/com/google/guava/guava/23.6-jre/guava-23.6-jre.jar:/Users/saurabhsharma/.m2/repository/com/google/code/findbugs/jsr305/1.3.9/jsr305-1.3.9.jar:/Users/saurabhsharma/.m2/repository/org/checkerframework/checker-compat-qual/2.0.0/checker-compat-qual-2.0.0.jar:/Users/saurabhsharma/.m2/repository/com/google/errorprone/error_prone_annotations/2.1.3/error_prone_annotations-2.1.3.jar:/Users/saurabhsharma/.m2/repository/com/google/j2objc/j2objc-annotations/1.1/j2objc-annotations-1.1.jar:/Users/saurabhsharma/.m2/repository/org/codehaus/mojo/animal-sniffer-annotations/1.14/animal-sniffer-annotations-1.14.jar:/Users/saurabhsharma/.m2/repository/org/apache/httpcomponents/httpclient/4.5.3/httpclient-4.5.3.jar:/Users/saurabhsharma/.m2/repository/org/apache/httpcomponents/httpcore/4.4.6/httpcore-4.4.6.jar:/Users/saurabhsharma/.m2/repository/com/squareup/okhttp3/okhttp/3.9.1/okhttp-3.9.1.jar:/Users/saurabhsharma/.m2/repository/com/squareup/okio/okio/1.13.0/okio-1.13.0.jar:/Users/saurabhsharma/.m2/repository/org/seleniumhq/selenium/selenium-server/3.12.0/selenium-server-3.12.0.jar:/Users/saurabhsharma/.m2/repository/com/beust/jcommander/1.72/jcommander-1.72.jar:/Users/saurabhsharma/.m2/repository/org/apache/commons/commons-lang3/3.7/commons-lang3-3.7.jar:/Users/saurabhsharma/.m2/repository/org/apache/commons/commons-text/1.1/commons-text-1.1.jar:/Users/saurabhsharma/.m2/repository/commons-io/commons-io/2.6/commons-io-2.6.jar:/Users/saurabhsharma/.m2/repository/commons-net/commons-net/3.6/commons-net-3.6.jar:/Users/saurabhsharma/.m2/repository/org/w3c/css/sac/1.3/sac-1.3.jar:/Users/saurabhsharma/.m2/repository/net/sourceforge/cssparser/cssparser/0.9.24/cssparser-0.9.24.jar:/Users/saurabhsharma/.m2/repository/net/sourceforge/htmlunit/htmlunit/2.29/htmlunit-2.29.jar:/Users/saurabhsharma/.m2/repository/net/sourceforge/htmlunit/htmlunit-core-js/2.28/htmlunit-core-js-2.28.jar:/Users/saurabhsharma/.m2/repository/net/sourceforge/htmlunit/neko-htmlunit/2.28/neko-htmlunit-2.28.jar:/Users/saurabhsharma/.m2/repository/org/apache/httpcomponents/httpmime/4.5.3/httpmime-4.5.3.jar:/Users/saurabhsharma/.m2/repository/net/jcip/jcip-annotations/1.0/jcip-annotations-1.0.jar:/Users/saurabhsharma/.m2/repository/org/seleniumhq/selenium/jetty-repacked/9.4.7.v20171121/jetty-repacked-9.4.7.v20171121.jar:/Users/saurabhsharma/.m2/repository/org/eclipse/jetty/jetty-client/9.4.7.v20170914/jetty-client-9.4.7.v20170914.jar:/Users/saurabhsharma/.m2/repository/org/eclipse/jetty/jetty-http/9.4.8.v20171121/jetty-http-9.4.8.v20171121.jar:/Users/saurabhsharma/.m2/repository/org/eclipse/jetty/jetty-io/9.4.8.v20171121/jetty-io-9.4.8.v20171121.jar:/Users/saurabhsharma/.m2/repository/org/eclipse/jetty/jetty-util/9.4.8.v20171121/jetty-util-9.4.8.v20171121.jar:/Users/saurabhsharma/.m2/repository/org/eclipse/jetty/jetty-xml/9.4.7.v20170914/jetty-xml-9.4.7.v20170914.jar:/Users/saurabhsharma/.m2/repository/org/seleniumhq/selenium/htmlunit-driver/2.29.0/htmlunit-driver-2.29.0.jar:/Users/saurabhsharma/.m2/repository/javax/servlet/javax.servlet-api/3.1.0/javax.servlet-api-3.1.0.jar:/Users/saurabhsharma/.m2/repository/org/eclipse/jetty/websocket/websocket-api/9.4.7.v20170914/websocket-api-9.4.7.v20170914.jar:/Users/saurabhsharma/.m2/repository/org/eclipse/jetty/websocket/websocket-client/9.4.7.v20170914/websocket-client-9.4.7.v20170914.jar:/Users/saurabhsharma/.m2/repository/org/eclipse/jetty/websocket/websocket-common/9.4.7.v20170914/websocket-common-9.4.7.v20170914.jar:/Users/saurabhsharma/.m2/repository/xalan/serializer/2.7.2/serializer-2.7.2.jar:/Users/saurabhsharma/.m2/repository/xalan/xalan/2.7.2/xalan-2.7.2.jar:/Users/saurabhsharma/.m2/repository/xerces/xercesImpl/2.11.0/xercesImpl-2.11.0.jar:/Users/saurabhsharma/.m2/repository/xml-apis/xml-apis/1.4.01/xml-apis-1.4.01.jar:/Users/saurabhsharma/.m2/repository/org/yaml/snakeyaml/1.19/snakeyaml-1.19.jar:/Users/saurabhsharma/.m2/repository/org/testng/testng/6.9.10/testng-6.9.10.jar:/Users/saurabhsharma/.m2/repository/org/beanshell/bsh/2.0b4/bsh-2.0b4.jar:/Users/saurabhsharma/.m2/repository/org/uncommons/reportng/1.1.4/reportng-1.1.4.jar:/Users/saurabhsharma/.m2/repository/velocity/velocity/1.4/velocity-1.4.jar:/Users/saurabhsharma/.m2/repository/velocity/velocity-dep/1.4/velocity-dep-1.4.jar:/Users/saurabhsharma/.m2/repository/com/google/inject/guice/4.2.0/guice-4.2.0.jar:/Users/saurabhsharma/.m2/repository/javax/inject/javax.inject/1/javax.inject-1.jar:/Users/saurabhsharma/.m2/repository/aopalliance/aopalliance/1.0/aopalliance-1.0.jar:/Users/saurabhsharma/.m2/repository/com/relevantcodes/extentreports/2.40.2/extentreports-2.40.2.jar:/Users/saurabhsharma/.m2/repository/org/jsoup/jsoup/1.8.3/jsoup-1.8.3.jar:/Users/saurabhsharma/.m2/repository/org/xerial/sqlite-jdbc/3.8.11.1/sqlite-jdbc-3.8.11.1.jar:/Users/saurabhsharma/.m2/repository/org/freemarker/freemarker/2.3.23/freemarker-2.3.23.jar:/Users/saurabhsharma/.m2/repository/log4j/log4j/1.2.16/log4j-1.2.16.jar:/Users/saurabhsharma/.m2/repository/org/apache/poi/poi/3.16/poi-3.16.jar:/Users/saurabhsharma/.m2/repository/org/apache/commons/commons-collections4/4.1/commons-collections4-4.1.jar:/Users/saurabhsharma/.m2/repository/org/apache/poi/poi-ooxml/3.16/poi-ooxml-3.16.jar:/Users/saurabhsharma/.m2/repository/org/apache/poi/poi-ooxml-schemas/3.16/poi-ooxml-schemas-3.16.jar:/Users/saurabhsharma/.m2/repository/org/apache/xmlbeans/xmlbeans/2.6.0/xmlbeans-2.6.0.jar:/Users/saurabhsharma/.m2/repository/stax/stax-api/1.0.1/stax-api-1.0.1.jar:/Users/saurabhsharma/.m2/repository/com/github/virtuald/curvesapi/1.04/curvesapi-1.04.jar:/Users/saurabhsharma/.m2/repository/org/apache/maven/surefire/surefire-testng-utils/2.21.0/surefire-testng-utils-2.21.0.jar:/Users/saurabhsharma/.m2/repository/org/apache/maven/surefire/surefire-grouper/2.21.0/surefire-grouper-2.21.0.jar:"/>
    <property name="java.vm.vendor" value="Oracle Corporation"/>
    <property name="sun.arch.data.model" value="64"/>
    <property name="java.vendor.url" value="http://java.oracle.com/"/>
    <property name="user.timezone" value=""/>
    <property name="java.vm.specification.version" value="1.8"/>
    <property name="os.name" value="Mac OS X"/>
    <property name="user.country" value="US"/>
    <property name="sun.java.launcher" value="SUN_STANDARD"/>
    <property name="sun.boot.library.path" value="/Library/Java/JavaVirtualMachines/jdk1.8.0_65.jdk/Contents/Home/jre/lib"/>
    <property name="sun.java.command" value="/Users/saurabhsharma/Automation_Workspace/UI_Automation/uiAutomation/target/surefire/surefirebooter9219341148554982809.jar /Users/saurabhsharma/Automation_Workspace/UI_Automation/uiAutomation/target/surefire 2018-06-10T19-55-32_998-jvmRun1 surefire58671637203877017tmp surefire_05215045533556611437tmp"/>
    <property name="http.nonProxyHosts" value="local|*.local|169.254/16|*.169.254/16"/>
    <property name="surefire.test.class.path" value="/Users/saurabhsharma/Automation_Workspace/UI_Automation/uiAutomation/target/test-classes:/Users/saurabhsharma/Automation_Workspace/UI_Automation/uiAutomation/target/classes:/Users/saurabhsharma/.m2/repository/org/seleniumhq/selenium/selenium-java/3.12.0/selenium-java-3.12.0.jar:/Users/saurabhsharma/.m2/repository/org/seleniumhq/selenium/selenium-api/3.12.0/selenium-api-3.12.0.jar:/Users/saurabhsharma/.m2/repository/org/seleniumhq/selenium/selenium-chrome-driver/3.12.0/selenium-chrome-driver-3.12.0.jar:/Users/saurabhsharma/.m2/repository/org/seleniumhq/selenium/selenium-edge-driver/3.12.0/selenium-edge-driver-3.12.0.jar:/Users/saurabhsharma/.m2/repository/org/seleniumhq/selenium/selenium-firefox-driver/3.12.0/selenium-firefox-driver-3.12.0.jar:/Users/saurabhsharma/.m2/repository/org/seleniumhq/selenium/selenium-ie-driver/3.12.0/selenium-ie-driver-3.12.0.jar:/Users/saurabhsharma/.m2/repository/org/seleniumhq/selenium/selenium-opera-driver/3.12.0/selenium-opera-driver-3.12.0.jar:/Users/saurabhsharma/.m2/repository/org/seleniumhq/selenium/selenium-remote-driver/3.12.0/selenium-remote-driver-3.12.0.jar:/Users/saurabhsharma/.m2/repository/org/seleniumhq/selenium/selenium-safari-driver/3.12.0/selenium-safari-driver-3.12.0.jar:/Users/saurabhsharma/.m2/repository/org/seleniumhq/selenium/selenium-support/3.12.0/selenium-support-3.12.0.jar:/Users/saurabhsharma/.m2/repository/net/bytebuddy/byte-buddy/1.8.3/byte-buddy-1.8.3.jar:/Users/saurabhsharma/.m2/repository/org/apache/commons/commons-exec/1.3/commons-exec-1.3.jar:/Users/saurabhsharma/.m2/repository/commons-codec/commons-codec/1.10/commons-codec-1.10.jar:/Users/saurabhsharma/.m2/repository/commons-logging/commons-logging/1.2/commons-logging-1.2.jar:/Users/saurabhsharma/.m2/repository/com/google/code/gson/gson/2.8.2/gson-2.8.2.jar:/Users/saurabhsharma/.m2/repository/com/google/guava/guava/23.6-jre/guava-23.6-jre.jar:/Users/saurabhsharma/.m2/repository/com/google/code/findbugs/jsr305/1.3.9/jsr305-1.3.9.jar:/Users/saurabhsharma/.m2/repository/org/checkerframework/checker-compat-qual/2.0.0/checker-compat-qual-2.0.0.jar:/Users/saurabhsharma/.m2/repository/com/google/errorprone/error_prone_annotations/2.1.3/error_prone_annotations-2.1.3.jar:/Users/saurabhsharma/.m2/repository/com/google/j2objc/j2objc-annotations/1.1/j2objc-annotations-1.1.jar:/Users/saurabhsharma/.m2/repository/org/codehaus/mojo/animal-sniffer-annotations/1.14/animal-sniffer-annotations-1.14.jar:/Users/saurabhsharma/.m2/repository/org/apache/httpcomponents/httpclient/4.5.3/httpclient-4.5.3.jar:/Users/saurabhsharma/.m2/repository/org/apache/httpcomponents/httpcore/4.4.6/httpcore-4.4.6.jar:/Users/saurabhsharma/.m2/repository/com/squareup/okhttp3/okhttp/3.9.1/okhttp-3.9.1.jar:/Users/saurabhsharma/.m2/repository/com/squareup/okio/okio/1.13.0/okio-1.13.0.jar:/Users/saurabhsharma/.m2/repository/org/seleniumhq/selenium/selenium-server/3.12.0/selenium-server-3.12.0.jar:/Users/saurabhsharma/.m2/repository/com/beust/jcommander/1.72/jcommander-1.72.jar:/Users/saurabhsharma/.m2/repository/org/apache/commons/commons-lang3/3.7/commons-lang3-3.7.jar:/Users/saurabhsharma/.m2/repository/org/apache/commons/commons-text/1.1/commons-text-1.1.jar:/Users/saurabhsharma/.m2/repository/commons-io/commons-io/2.6/commons-io-2.6.jar:/Users/saurabhsharma/.m2/repository/commons-net/commons-net/3.6/commons-net-3.6.jar:/Users/saurabhsharma/.m2/repository/org/w3c/css/sac/1.3/sac-1.3.jar:/Users/saurabhsharma/.m2/repository/net/sourceforge/cssparser/cssparser/0.9.24/cssparser-0.9.24.jar:/Users/saurabhsharma/.m2/repository/net/sourceforge/htmlunit/htmlunit/2.29/htmlunit-2.29.jar:/Users/saurabhsharma/.m2/repository/net/sourceforge/htmlunit/htmlunit-core-js/2.28/htmlunit-core-js-2.28.jar:/Users/saurabhsharma/.m2/repository/net/sourceforge/htmlunit/neko-htmlunit/2.28/neko-htmlunit-2.28.jar:/Users/saurabhsharma/.m2/repository/org/apache/httpcomponents/httpmime/4.5.3/httpmime-4.5.3.jar:/Users/saurabhsharma/.m2/repository/net/jcip/jcip-annotations/1.0/jcip-annotations-1.0.jar:/Users/saurabhsharma/.m2/repository/org/seleniumhq/selenium/jetty-repacked/9.4.7.v20171121/jetty-repacked-9.4.7.v20171121.jar:/Users/saurabhsharma/.m2/repository/org/eclipse/jetty/jetty-client/9.4.7.v20170914/jetty-client-9.4.7.v20170914.jar:/Users/saurabhsharma/.m2/repository/org/eclipse/jetty/jetty-http/9.4.8.v20171121/jetty-http-9.4.8.v20171121.jar:/Users/saurabhsharma/.m2/repository/org/eclipse/jetty/jetty-io/9.4.8.v20171121/jetty-io-9.4.8.v20171121.jar:/Users/saurabhsharma/.m2/repository/org/eclipse/jetty/jetty-util/9.4.8.v20171121/jetty-util-9.4.8.v20171121.jar:/Users/saurabhsharma/.m2/repository/org/eclipse/jetty/jetty-xml/9.4.7.v20170914/jetty-xml-9.4.7.v20170914.jar:/Users/saurabhsharma/.m2/repository/org/seleniumhq/selenium/htmlunit-driver/2.29.0/htmlunit-driver-2.29.0.jar:/Users/saurabhsharma/.m2/repository/javax/servlet/javax.servlet-api/3.1.0/javax.servlet-api-3.1.0.jar:/Users/saurabhsharma/.m2/repository/org/eclipse/jetty/websocket/websocket-api/9.4.7.v20170914/websocket-api-9.4.7.v20170914.jar:/Users/saurabhsharma/.m2/repository/org/eclipse/jetty/websocket/websocket-client/9.4.7.v20170914/websocket-client-9.4.7.v20170914.jar:/Users/saurabhsharma/.m2/repository/org/eclipse/jetty/websocket/websocket-common/9.4.7.v20170914/websocket-common-9.4.7.v20170914.jar:/Users/saurabhsharma/.m2/repository/xalan/serializer/2.7.2/serializer-2.7.2.jar:/Users/saurabhsharma/.m2/repository/xalan/xalan/2.7.2/xalan-2.7.2.jar:/Users/saurabhsharma/.m2/repository/xerces/xercesImpl/2.11.0/xercesImpl-2.11.0.jar:/Users/saurabhsharma/.m2/repository/xml-apis/xml-apis/1.4.01/xml-apis-1.4.01.jar:/Users/saurabhsharma/.m2/repository/org/yaml/snakeyaml/1.19/snakeyaml-1.19.jar:/Users/saurabhsharma/.m2/repository/org/testng/testng/6.9.10/testng-6.9.10.jar:/Users/saurabhsharma/.m2/repository/org/beanshell/bsh/2.0b4/bsh-2.0b4.jar:/Users/saurabhsharma/.m2/repository/org/uncommons/reportng/1.1.4/reportng-1.1.4.jar:/Users/saurabhsharma/.m2/repository/velocity/velocity/1.4/velocity-1.4.jar:/Users/saurabhsharma/.m2/repository/velocity/velocity-dep/1.4/velocity-dep-1.4.jar:/Users/saurabhsharma/.m2/repository/com/google/inject/guice/4.2.0/guice-4.2.0.jar:/Users/saurabhsharma/.m2/repository/javax/inject/javax.inject/1/javax.inject-1.jar:/Users/saurabhsharma/.m2/repository/aopalliance/aopalliance/1.0/aopalliance-1.0.jar:/Users/saurabhsharma/.m2/repository/com/relevantcodes/extentreports/2.40.2/extentreports-2.40.2.jar:/Users/saurabhsharma/.m2/repository/org/jsoup/jsoup/1.8.3/jsoup-1.8.3.jar:/Users/saurabhsharma/.m2/repository/org/xerial/sqlite-jdbc/3.8.11.1/sqlite-jdbc-3.8.11.1.jar:/Users/saurabhsharma/.m2/repository/org/freemarker/freemarker/2.3.23/freemarker-2.3.23.jar:/Users/saurabhsharma/.m2/repository/log4j/log4j/1.2.16/log4j-1.2.16.jar:/Users/saurabhsharma/.m2/repository/org/apache/poi/poi/3.16/poi-3.16.jar:/Users/saurabhsharma/.m2/repository/org/apache/commons/commons-collections4/4.1/commons-collections4-4.1.jar:/Users/saurabhsharma/.m2/repository/org/apache/poi/poi-ooxml/3.16/poi-ooxml-3.16.jar:/Users/saurabhsharma/.m2/repository/org/apache/poi/poi-ooxml-schemas/3.16/poi-ooxml-schemas-3.16.jar:/Users/saurabhsharma/.m2/repository/org/apache/xmlbeans/xmlbeans/2.6.0/xmlbeans-2.6.0.jar:/Users/saurabhsharma/.m2/repository/stax/stax-api/1.0.1/stax-api-1.0.1.jar:/Users/saurabhsharma/.m2/repository/com/github/virtuald/curvesapi/1.04/curvesapi-1.04.jar:/Users/saurabhsharma/.m2/repository/org/apache/maven/surefire/surefire-testng-utils/2.21.0/surefire-testng-utils-2.21.0.jar:/Users/saurabhsharma/.m2/repository/org/apache/maven/surefire/surefire-grouper/2.21.0/surefire-grouper-2.21.0.jar:"/>
    <property name="sun.cpu.endian" value="little"/>
    <property name="user.home" value="/Users/saurabhsharma"/>
    <property name="user.language" value="en"/>
    <property name="java.specification.vendor" value="Oracle Corporation"/>
    <property name="java.home" value="/Library/Java/JavaVirtualMachines/jdk1.8.0_65.jdk/Contents/Home/jre"/>
    <property name="basedir" value="/Users/saurabhsharma/Automation_Workspace/UI_Automation/uiAutomation"/>
    <property name="file.separator" value="/"/>
    <property name="line.separator" value="&#10;"/>
    <property name="java.vm.specification.vendor" value="Oracle Corporation"/>
    <property name="java.specification.name" value="Java Platform API Specification"/>
    <property name="java.awt.graphicsenv" value="sun.awt.CGraphicsEnvironment"/>
    <property name="surefire.real.class.path" value="/Users/saurabhsharma/Automation_Workspace/UI_Automation/uiAutomation/target/surefire/surefirebooter9219341148554982809.jar"/>
    <property name="sun.boot.class.path" value="/Library/Java/JavaVirtualMachines/jdk1.8.0_65.jdk/Contents/Home/jre/lib/resources.jar:/Library/Java/JavaVirtualMachines/jdk1.8.0_65.jdk/Contents/Home/jre/lib/rt.jar:/Library/Java/JavaVirtualMachines/jdk1.8.0_65.jdk/Contents/Home/jre/lib/sunrsasign.jar:/Library/Java/JavaVirtualMachines/jdk1.8.0_65.jdk/Contents/Home/jre/lib/jsse.jar:/Library/Java/JavaVirtualMachines/jdk1.8.0_65.jdk/Contents/Home/jre/lib/jce.jar:/Library/Java/JavaVirtualMachines/jdk1.8.0_65.jdk/Contents/Home/jre/lib/charsets.jar:/Library/Java/JavaVirtualMachines/jdk1.8.0_65.jdk/Contents/Home/jre/lib/jfr.jar:/Library/Java/JavaVirtualMachines/jdk1.8.0_65.jdk/Contents/Home/jre/classes"/>
    <property name="sun.management.compiler" value="HotSpot 64-Bit Tiered Compilers"/>
    <property name="ftp.nonProxyHosts" value="local|*.local|169.254/16|*.169.254/16"/>
    <property name="java.runtime.version" value="1.8.0_65-b17"/>
    <property name="user.name" value="saurabhsharma"/>
    <property name="path.separator" value=":"/>
    <property name="os.version" value="10.13.4"/>
    <property name="java.endorsed.dirs" value="/Library/Java/JavaVirtualMachines/jdk1.8.0_65.jdk/Contents/Home/jre/lib/endorsed"/>
    <property name="java.runtime.name" value="Java(TM) SE Runtime Environment"/>
    <property name="file.encoding" value="UTF-8"/>
    <property name="java.vm.name" value="Java HotSpot(TM) 64-Bit Server VM"/>
    <property name="localRepository" value="/Users/saurabhsharma/.m2/repository"/>
    <property name="java.vendor.url.bug" value="http://bugreport.sun.com/bugreport/"/>
    <property name="java.io.tmpdir" value="/var/folders/4b/k0kz1pqs2b13vr83t7sf_qbw0000gn/T/"/>
    <property name="java.version" value="1.8.0_65"/>
    <property name="user.dir" value="/Users/saurabhsharma/Automation_Workspace/UI_Automation/uiAutomation"/>
    <property name="os.arch" value="x86_64"/>
    <property name="java.vm.specification.name" value="Java Virtual Machine Specification"/>
    <property name="java.awt.printerjob" value="sun.lwawt.macosx.CPrinterJob"/>
    <property name="sun.os.patch.level" value="unknown"/>
    <property name="java.library.path" value="/Users/saurabhsharma/Library/Java/Extensions:/Library/Java/Extensions:/Network/Library/Java/Extensions:/System/Library/Java/Extensions:/usr/lib/java:."/>
    <property name="java.vm.info" value="mixed mode"/>
    <property name="java.vendor" value="Oracle Corporation"/>
    <property name="java.vm.version" value="25.65-b01"/>
    <property name="java.ext.dirs" value="/Users/saurabhsharma/Library/Java/Extensions:/Library/Java/JavaVirtualMachines/jdk1.8.0_65.jdk/Contents/Home/jre/lib/ext:/Library/Java/Extensions:/Network/Library/Java/Extensions:/System/Library/Java/Extensions:/usr/lib/java"/>
    <property name="sun.io.unicode.encoding" value="UnicodeBig"/>
    <property name="java.class.version" value="52.0"/>
    <property name="socksNonProxyHosts" value="local|*.local|169.254/16|*.169.254/16"/>
  </properties>
  <testcase name="verifyLoginWithInvalidCredentials" classname="com.test.automation.uiAutomation.AuthPageValidation.SignInValidation" time="6.904"/>
  <testcase name="verifyLoginWithInvalidCredentials" classname="com.test.automation.uiAutomation.AuthPageValidation.SignInValidation" time="0">
    <skipped message="User has marked this test as no run."/>
  </testcase>
  <testcase name="verifyLoginWithInvalidCredentials" classname="com.test.automation.uiAutomation.AuthPageValidation.SignInValidation" time="0">
    <skipped message="User has marked this test as no run."/>
  </testcase>
  <testcase name="verifyLoginWithInvalidCredentials" classname="com.test.automation.uiAutomation.AuthPageValidation.SignInValidation" time="0">
    <skipped message="User has marked this test as no run."/>
  </testcase>
  <testcase name="verifyLoginWithValidCredentials" classname="com.test.automation.uiAutomation.AuthPageValidation.SignInValidation" time="0">
    <skipped message="expected [Authentication passed.] but found [Authentication failed.]"/>
    <system-out><![CDATA[2018-06-10 19:55:45 INFO  SignInValidation:62 - =================Start Login With valid Credentials Test====================
2018-06-10 19:55:46 INFO  AuthenticationPage:49 - Successfully landed to :Authentication
2018-06-10 19:55:46 INFO  AuthenticationPage:51 - Enetered email is: saurabhsharma81285@gmail.com and object is: [[ChromeDriver: chrome on MAC (e2ed9bdf3776dd4d04fcb274434d9c7d)] -> xpath: //input[@id='email']]
2018-06-10 19:55:46 INFO  AuthenticationPage:53 - Enetered password is: Pass123 and object is: [[ChromeDriver: chrome on MAC (e2ed9bdf3776dd4d04fcb274434d9c7d)] -> xpath: //input[@id='passwd']]
2018-06-10 19:55:47 INFO  AuthenticationPage:55 - Clicked on Submit button and the object is : [[ChromeDriver: chrome on MAC (e2ed9bdf3776dd4d04fcb274434d9c7d)] -> xpath: //button[@id='SubmitLogin']//span]
destFile getAbsolutePath:  /Users/saurabhsharma/Automation_Workspace/UI_Automation/uiAutomation/src/main/java/com/test/automation/uiAutomation/screenshot/LoginWithValidCredentials_saurabhsharma81285@gmail.com_10_06_2018_07_55_47.png
2018-06-10 19:55:48 INFO  AuthenticationPage:59 - Error message is :[[ChromeDriver: chrome on MAC (e2ed9bdf3776dd4d04fcb274434d9c7d)] -> xpath: //li[contains(text(),'Authentication failed.')]]
]]></system-out>
  </testcase>
  <testcase name="verifyLoginWithValidCredentials" classname="com.test.automation.uiAutomation.AuthPageValidation.SignInValidation" time="0">
    <skipped message="expected [Authentication passed.] but found [Authentication failed.]"/>
    <system-out><![CDATA[2018-06-10 19:55:48 INFO  SignInValidation:62 - =================Start Login With valid Credentials Test====================
2018-06-10 19:55:51 INFO  AuthenticationPage:49 - Successfully landed to :Authentication
2018-06-10 19:55:51 INFO  AuthenticationPage:51 - Enetered email is: saurabhsharma81285@gmail.com and object is: [[ChromeDriver: chrome on MAC (e2ed9bdf3776dd4d04fcb274434d9c7d)] -> xpath: //input[@id='email']]
2018-06-10 19:55:51 INFO  AuthenticationPage:53 - Enetered password is: Pass123 and object is: [[ChromeDriver: chrome on MAC (e2ed9bdf3776dd4d04fcb274434d9c7d)] -> xpath: //input[@id='passwd']]
2018-06-10 19:55:52 INFO  AuthenticationPage:55 - Clicked on Submit button and the object is : [[ChromeDriver: chrome on MAC (e2ed9bdf3776dd4d04fcb274434d9c7d)] -> xpath: //button[@id='SubmitLogin']//span]
destFile getAbsolutePath:  /Users/saurabhsharma/Automation_Workspace/UI_Automation/uiAutomation/src/main/java/com/test/automation/uiAutomation/screenshot/LoginWithValidCredentials_saurabhsharma81285@gmail.com_10_06_2018_07_55_52.png
2018-06-10 19:55:53 INFO  AuthenticationPage:59 - Error message is :[[ChromeDriver: chrome on MAC (e2ed9bdf3776dd4d04fcb274434d9c7d)] -> xpath: //li[contains(text(),'Authentication failed.')]]
]]></system-out>
  </testcase>
  <testcase name="verifyLoginWithValidCredentials" classname="com.test.automation.uiAutomation.AuthPageValidation.SignInValidation" time="5.655">
    <failure message="expected [Authentication passed.] but found [Authentication failed.]" type="java.lang.AssertionError">java.lang.AssertionError: expected [Authentication passed.] but found [Authentication failed.]
	at com.test.automation.uiAutomation.AuthPageValidation.SignInValidation.verifyLoginWithValidCredentials(SignInValidation.java:66)
</failure>
    <system-out><![CDATA[2018-06-10 19:55:53 INFO  SignInValidation:62 - =================Start Login With valid Credentials Test====================
2018-06-10 19:55:55 INFO  AuthenticationPage:49 - Successfully landed to :Authentication
2018-06-10 19:55:55 INFO  AuthenticationPage:51 - Enetered email is: saurabhsharma81285@gmail.com and object is: [[ChromeDriver: chrome on MAC (e2ed9bdf3776dd4d04fcb274434d9c7d)] -> xpath: //input[@id='email']]
2018-06-10 19:55:55 INFO  AuthenticationPage:53 - Enetered password is: Pass123 and object is: [[ChromeDriver: chrome on MAC (e2ed9bdf3776dd4d04fcb274434d9c7d)] -> xpath: //input[@id='passwd']]
2018-06-10 19:55:58 INFO  AuthenticationPage:55 - Clicked on Submit button and the object is : [[ChromeDriver: chrome on MAC (e2ed9bdf3776dd4d04fcb274434d9c7d)] -> xpath: //button[@id='SubmitLogin']//span]
destFile getAbsolutePath:  /Users/saurabhsharma/Automation_Workspace/UI_Automation/uiAutomation/src/main/java/com/test/automation/uiAutomation/screenshot/LoginWithValidCredentials_saurabhsharma81285@gmail.com_10_06_2018_07_55_58.png
2018-06-10 19:55:58 INFO  AuthenticationPage:59 - Error message is :[[ChromeDriver: chrome on MAC (e2ed9bdf3776dd4d04fcb274434d9c7d)] -> xpath: //li[contains(text(),'Authentication failed.')]]
]]></system-out>
  </testcase>
  <testcase name="verifyLoginWithValidCredentials" classname="com.test.automation.uiAutomation.AuthPageValidation.SignInValidation" time="0">
    <skipped message="User has marked this test as no run."/>
  </testcase>
  <testcase name="verifyLoginWithValidCredentials" classname="com.test.automation.uiAutomation.AuthPageValidation.SignInValidation" time="0">
    <skipped message="User has marked this test as no run."/>
  </testcase>
  <testcase name="verifyLoginWithValidCredentials" classname="com.test.automation.uiAutomation.AuthPageValidation.SignInValidation" time="0">
    <skipped message="User has marked this test as no run."/>
  </testcase>
  <testcase name="verifyLoginWithValidCredentials" classname="com.test.automation.uiAutomation.AuthPageValidation.SignInValidation" time="0">
    <skipped message="User has marked this test as no run."/>
  </testcase>
  <testcase name="verifyLoginWithValidCredentials" classname="com.test.automation.uiAutomation.AuthPageValidation.SignInValidation" time="0">
    <skipped message="User has marked this test as no run."/>
  </testcase>
  <testcase name="verifyLoginWithValidCredentials" classname="com.test.automation.uiAutomation.AuthPageValidation.SignInValidation" time="0">
    <skipped message="User has marked this test as no run."/>
  </testcase>
  <testcase name="verifySuccessfulLandingOnAuthenticationPage" classname="com.test.automation.uiAutomation.AuthPageValidation.SignInValidation" time="6.953"/>
  <testcase name="verifySuccessfulLandingOnAuthenticationPage" classname="com.test.automation.uiAutomation.AuthPageValidation.SignInValidation" time="6.15"/>
  <testcase name="verifySuccessfulLandingOnAuthenticationPage" classname="com.test.automation.uiAutomation.AuthPageValidation.SignInValidation" time="1.404"/>
  <testcase name="verifySuccessfulLandingOnAuthenticationPage" classname="com.test.automation.uiAutomation.AuthPageValidation.SignInValidation" time="1.411"/>
  <testcase name="verifyLandingOnNewAccountCreationInfoPage" classname="com.test.automation.uiAutomation.AuthPageValidation.SignUpValidation" time="6.338"/>
  <testcase name="verifyLandingOnNewAccountCreationInfoPage" classname="com.test.automation.uiAutomation.AuthPageValidation.SignUpValidation" time="0">
    <skipped message="User has marked this test as no run."/>
  </testcase>
  <testcase name="verifyLandingOnNewAccountCreationInfoPage" classname="com.test.automation.uiAutomation.AuthPageValidation.SignUpValidation" time="0">
    <skipped message="User has marked this test as no run."/>
  </testcase>
  <testcase name="verifyLandingOnNewAccountCreationInfoPage" classname="com.test.automation.uiAutomation.AuthPageValidation.SignUpValidation" time="0">
    <skipped message="User has marked this test as no run."/>
  </testcase>
</testsuite>